<?xml version="1.0" encoding="UTF-8"?>
<!-- Generated by org.testng.reporters.JUnitXMLReporter -->
<testsuite ignored="0" hostname="DESKTOP-KLI7F70" failures="0" tests="5" name="Surefire test" time="0.311" errors="0" timestamp="2023-06-04T18:22:09 EEST">
  <testcase classname="driverHelper.ParallelExc" name="@BeforeMethod setDriver" time="-1.685892129616E9">
    <failure type="org.testng.TestNGException" message="
Can inject only one of &amp;lt;ITestContext, XmlTest, Method, Object[], ITestResult&amp;gt; into a @BeforeMethod annotated setDriver.
For more information on native dependency injection please refer to https://testng.org/doc/documentation-main.html#native-dependency-injection">
      <![CDATA[org.testng.TestNGException: 
Can inject only one of <ITestContext, XmlTest, Method, Object[], ITestResult> into a @BeforeMethod annotated setDriver.
For more information on native dependency injection please refer to https://testng.org/doc/documentation-main.html#native-dependency-injection
at java.base/java.util.ArrayList.forEach(ArrayList.java:1511)
... Removed 32 stack frames]]>
    </failure>
  </testcase> <!-- @BeforeMethod setDriver -->
  <testcase classname="driverHelper.ParallelExc" name="@BeforeMethod setDriver" time="0.0">
    <skipped/>
  </testcase> <!-- @BeforeMethod setDriver -->
  <testcase classname="driverHelper.ParallelExc" name="@BeforeMethod setDriver" time="0.0">
    <skipped/>
  </testcase> <!-- @BeforeMethod setDriver -->
  <testcase classname="driverHelper.ParallelExc" name="@BeforeMethod setDriver" time="0.0">
    <skipped/>
  </testcase> <!-- @BeforeMethod setDriver -->
  <testcase classname="driverHelper.ParallelExc" name="@BeforeMethod setDriver" time="0.0">
    <skipped/>
  </testcase> <!-- @BeforeMethod setDriver -->
  <testcase classname="webUITest.TestObject" name="CreateProblemRoute" time="0.0">
    <skipped/>
  </testcase> <!-- CreateProblemRoute -->
  <testcase classname="webUITest.TestObject" name="CreateProblemRoute" time="0.0">
    <skipped/>
  </testcase> <!-- CreateProblemRoute -->
  <testcase classname="webUITest.TestObject" name="CreateProblemRoute" time="0.0">
    <skipped/>
  </testcase> <!-- CreateProblemRoute -->
  <testcase classname="webUITest.TestObject" name="CreateProblemRoute" time="0.0">
    <skipped/>
  </testcase> <!-- CreateProblemRoute -->
  <testcase classname="webUITest.TestObject" name="CreateProblemRoute" time="0.0">
    <skipped/>
  </testcase> <!-- CreateProblemRoute -->
</testsuite> <!-- Surefire test -->
