<?xml version="1.0" encoding="UTF-8"?>
<testsuite xmlns:xsi="http://www.w3.org/2001/XMLSchema-instance" xsi:schemaLocation="https://maven.apache.org/surefire/maven-surefire-plugin/xsd/surefire-test-report.xsd" name="webUITest.TestObject" time="5.578" tests="10" errors="0" skipped="9" failures="1">
  <properties>
[...]
</properties>
  <testcase name="setDriver" classname="webUITest.TestObject" time="1.545">
    <failure message="&#10;Can inject only one of &lt;ITestContext, XmlTest, Method, Object[], ITestResult&gt; into a @BeforeMethod annotated setDriver.&#10;For more information on native dependency injection please refer to https://testng.org/doc/documentation-main.html#native-dependency-injection" type="org.testng.TestNGException"><![CDATA[org.testng.TestNGException: 

Can inject only one of <ITestContext, XmlTest, Method, Object[], ITestResult> into a @BeforeMethod annotated setDriver.
For more information on native dependency injection please refer to https://testng.org/doc/documentation-main.html#native-dependency-injection
]]></failure>
    <system-out><![CDATA[2023-06-04 18:22:09 INFO  CustomSuiteListener:12 - Surefire suite START
2023-06-04 18:22:09 INFO  CustomTestListener:50 - Surefire test onStart
]]></system-out>
    <system-err><![CDATA[SLF4J: Failed to load class "org.slf4j.impl.StaticLoggerBinder".
SLF4J: Defaulting to no-operation (NOP) logger implementation
SLF4J: See http://www.slf4j.org/codes.html#StaticLoggerBinder for further details.
]]></system-err>
  </testcase>
  <testcase name="setDriver" classname="webUITest.TestObject" time="0">
    <skipped/>
    <system-out><![CDATA[2023-06-04 18:22:09 INFO  CustomTestListener:32 - CreateProblemRoute onTestSkipped
]]></system-out>
  </testcase>
  <testcase name="setDriver" classname="webUITest.TestObject" time="0">
    <skipped/>
    <system-out><![CDATA[2023-06-04 18:22:09 INFO  CustomTestListener:32 - CreateProblemRoute onTestSkipped
]]></system-out>
  </testcase>
  <testcase name="setDriver" classname="webUITest.TestObject" time="0">
    <skipped/>
    <system-out><![CDATA[2023-06-04 18:22:09 INFO  CustomTestListener:32 - CreateProblemRoute onTestSkipped
]]></system-out>
  </testcase>
  <testcase name="setDriver" classname="webUITest.TestObject" time="0">
    <skipped/>
    <system-out><![CDATA[2023-06-04 18:22:09 INFO  CustomTestListener:32 - CreateProblemRoute onTestSkipped
]]></system-out>
  </testcase>
  <testcase name="CreateProblemRoute" classname="webUITest.TestObject" time="0">
    <skipped message="&#10;Can inject only one of &lt;ITestContext, XmlTest, Method, Object[], ITestResult&gt; into a @BeforeMethod annotated setDriver.&#10;For more information on native dependency injection please refer to https://testng.org/doc/documentation-main.html#native-dependency-injection"/>
    <system-out><![CDATA[2023-06-04 18:22:09 INFO  CustomTestListener:14 - CreateProblemRoute onTestStart
]]></system-out>
  </testcase>
  <testcase name="CreateProblemRoute" classname="webUITest.TestObject" time="0">
    <skipped message="&#10;Can inject only one of &lt;ITestContext, XmlTest, Method, Object[], ITestResult&gt; into a @BeforeMethod annotated setDriver.&#10;For more information on native dependency injection please refer to https://testng.org/doc/documentation-main.html#native-dependency-injection"/>
    <system-out><![CDATA[2023-06-04 18:22:09 INFO  CustomTestListener:14 - CreateProblemRoute onTestStart
]]></system-out>
  </testcase>
  <testcase name="CreateProblemRoute" classname="webUITest.TestObject" time="0">
    <skipped message="&#10;Can inject only one of &lt;ITestContext, XmlTest, Method, Object[], ITestResult&gt; into a @BeforeMethod annotated setDriver.&#10;For more information on native dependency injection please refer to https://testng.org/doc/documentation-main.html#native-dependency-injection"/>
    <system-out><![CDATA[2023-06-04 18:22:09 INFO  CustomTestListener:14 - CreateProblemRoute onTestStart
]]></system-out>
  </testcase>
  <testcase name="CreateProblemRoute" classname="webUITest.TestObject" time="0">
    <skipped message="&#10;Can inject only one of &lt;ITestContext, XmlTest, Method, Object[], ITestResult&gt; into a @BeforeMethod annotated setDriver.&#10;For more information on native dependency injection please refer to https://testng.org/doc/documentation-main.html#native-dependency-injection"/>
    <system-out><![CDATA[2023-06-04 18:22:09 INFO  CustomTestListener:14 - CreateProblemRoute onTestStart
]]></system-out>
  </testcase>
  <testcase name="CreateProblemRoute" classname="webUITest.TestObject" time="0">
    <skipped message="&#10;Can inject only one of &lt;ITestContext, XmlTest, Method, Object[], ITestResult&gt; into a @BeforeMethod annotated setDriver.&#10;For more information on native dependency injection please refer to https://testng.org/doc/documentation-main.html#native-dependency-injection"/>
    <system-out><![CDATA[2023-06-04 18:22:09 INFO  CustomTestListener:14 - CreateProblemRoute onTestStart
]]></system-out>
  </testcase>
</testsuite>